{"/app/app/src/App.jsx": {"path":"/app/app/src/App.jsx","statementMap":{"0":{"start":{"line":6,"column":29},"end":{"line":6,"column":null}},"1":{"start":{"line":8,"column":2},"end":{"line":15,"column":null}},"2":{"start":{"line":11,"column":33},"end":{"line":11,"column":59}}},"fnMap":{"0":{"name":"App","decl":{"start":{"line":5,"column":9},"end":{"line":5,"column":15}},"loc":{"start":{"line":5,"column":15},"end":{"line":17,"column":null}},"line":5},"1":{"name":"(anonymous_1)","decl":{"start":{"line":11,"column":27},"end":{"line":11,"column":33}},"loc":{"start":{"line":11,"column":33},"end":{"line":11,"column":59}},"line":11}},"branchMap":{},"s":{"0":3,"1":3,"2":1},"f":{"0":3,"1":1},"b":{},"meta":{"lastBranch":0,"lastFunction":2,"lastStatement":3,"seen":{"f:5:9:5:15":0,"s:6:29:6:Infinity":0,"s:8:2:15:Infinity":1,"f:11:27:11:33":1,"s:11:33:11:59":2}}}
,"/app/app/src/Arrival.jsx": {"path":"/app/app/src/Arrival.jsx","statementMap":{"0":{"start":{"line":5,"column":16},"end":{"line":24,"column":null}},"1":{"start":{"line":6,"column":2},"end":{"line":22,"column":null}}},"fnMap":{"0":{"name":"(anonymous_0)","decl":{"start":{"line":5,"column":16},"end":{"line":5,"column":17}},"loc":{"start":{"line":5,"column":36},"end":{"line":24,"column":null}},"line":5}},"branchMap":{},"s":{"0":1,"1":2},"f":{"0":2},"b":{},"meta":{"lastBranch":0,"lastFunction":1,"lastStatement":2,"seen":{"s:5:16:24:Infinity":0,"f:5:16:5:17":0,"s:6:2:22:Infinity":1}}}
,"/app/app/src/Background.jsx": {"path":"/app/app/src/Background.jsx","statementMap":{"0":{"start":{"line":3,"column":19},"end":{"line":52,"column":null}},"1":{"start":{"line":4,"column":2},"end":{"line":50,"column":null}}},"fnMap":{"0":{"name":"(anonymous_0)","decl":{"start":{"line":3,"column":19},"end":{"line":3,"column":25}},"loc":{"start":{"line":3,"column":25},"end":{"line":52,"column":null}},"line":3}},"branchMap":{},"s":{"0":1,"1":1},"f":{"0":1},"b":{},"meta":{"lastBranch":0,"lastFunction":1,"lastStatement":2,"seen":{"s:3:19:52:Infinity":0,"f:3:19:3:25":0,"s:4:2:50:Infinity":1}}}
,"/app/app/src/PoolView.jsx": {"path":"/app/app/src/PoolView.jsx","statementMap":{"0":{"start":{"line":6,"column":17},"end":{"line":161,"column":null}},"1":{"start":{"line":7,"column":8},"end":{"line":7,"column":null}},"2":{"start":{"line":8,"column":8},"end":{"line":8,"column":null}},"3":{"start":{"line":9,"column":34},"end":{"line":9,"column":null}},"4":{"start":{"line":10,"column":26},"end":{"line":10,"column":null}},"5":{"start":{"line":11,"column":8},"end":{"line":11,"column":null}},"6":{"start":{"line":14,"column":8},"end":{"line":14,"column":null}},"7":{"start":{"line":15,"column":8},"end":{"line":15,"column":null}},"8":{"start":{"line":18,"column":8},"end":{"line":18,"column":null}},"9":{"start":{"line":19,"column":8},"end":{"line":19,"column":null}},"10":{"start":{"line":22,"column":8},"end":{"line":22,"column":null}},"11":{"start":{"line":25,"column":8},"end":{"line":28,"column":null}},"12":{"start":{"line":26,"column":4},"end":{"line":26,"column":null}},"13":{"start":{"line":26,"column":27},"end":{"line":26,"column":null}},"14":{"start":{"line":27,"column":4},"end":{"line":27,"column":null}},"15":{"start":{"line":27,"column":41},"end":{"line":27,"column":58}},"16":{"start":{"line":30,"column":8},"end":{"line":33,"column":null}},"17":{"start":{"line":31,"column":4},"end":{"line":31,"column":null}},"18":{"start":{"line":32,"column":4},"end":{"line":32,"column":null}},"19":{"start":{"line":35,"column":2},"end":{"line":50,"column":null}},"20":{"start":{"line":36,"column":4},"end":{"line":36,"column":null}},"21":{"start":{"line":37,"column":4},"end":{"line":37,"column":null}},"22":{"start":{"line":38,"column":4},"end":{"line":38,"column":null}},"23":{"start":{"line":39,"column":4},"end":{"line":39,"column":null}},"24":{"start":{"line":41,"column":4},"end":{"line":41,"column":null}},"25":{"start":{"line":43,"column":4},"end":{"line":49,"column":null}},"26":{"start":{"line":44,"column":6},"end":{"line":44,"column":null}},"27":{"start":{"line":45,"column":6},"end":{"line":45,"column":null}},"28":{"start":{"line":46,"column":6},"end":{"line":46,"column":null}},"29":{"start":{"line":47,"column":6},"end":{"line":47,"column":null}},"30":{"start":{"line":48,"column":6},"end":{"line":48,"column":null}},"31":{"start":{"line":48,"column":29},"end":{"line":48,"column":null}},"32":{"start":{"line":53,"column":2},"end":{"line":64,"column":null}},"33":{"start":{"line":54,"column":24},"end":{"line":62,"column":null}},"34":{"start":{"line":55,"column":6},"end":{"line":61,"column":null}},"35":{"start":{"line":56,"column":8},"end":{"line":56,"column":null}},"36":{"start":{"line":57,"column":6},"end":{"line":61,"column":null}},"37":{"start":{"line":58,"column":8},"end":{"line":58,"column":null}},"38":{"start":{"line":60,"column":8},"end":{"line":60,"column":null}},"39":{"start":{"line":63,"column":4},"end":{"line":63,"column":null}},"40":{"start":{"line":63,"column":17},"end":{"line":63,"column":null}},"41":{"start":{"line":67,"column":2},"end":{"line":74,"column":null}},"42":{"start":{"line":68,"column":4},"end":{"line":73,"column":null}},"43":{"start":{"line":69,"column":22},"end":{"line":69,"column":null}},"44":{"start":{"line":70,"column":6},"end":{"line":72,"column":null}},"45":{"start":{"line":71,"column":8},"end":{"line":71,"column":null}},"46":{"start":{"line":76,"column":2},"end":{"line":88,"column":null}},"47":{"start":{"line":77,"column":28},"end":{"line":84,"column":null}},"48":{"start":{"line":78,"column":35},"end":{"line":78,"column":null}},"49":{"start":{"line":80,"column":12},"end":{"line":80,"column":null}},"50":{"start":{"line":81,"column":12},"end":{"line":81,"column":null}},"51":{"start":{"line":82,"column":6},"end":{"line":82,"column":null}},"52":{"start":{"line":83,"column":6},"end":{"line":83,"column":null}},"53":{"start":{"line":86,"column":4},"end":{"line":86,"column":null}},"54":{"start":{"line":87,"column":4},"end":{"line":87,"column":null}},"55":{"start":{"line":87,"column":17},"end":{"line":87,"column":null}},"56":{"start":{"line":90,"column":2},"end":{"line":159,"column":null}},"57":{"start":{"line":92,"column":27},"end":{"line":92,"column":52}},"58":{"start":{"line":92,"column":52},"end":{"line":92,"column":70}},"59":{"start":{"line":93,"column":23},"end":{"line":93,"column":null}},"60":{"start":{"line":94,"column":26},"end":{"line":94,"column":null}},"61":{"start":{"line":95,"column":28},"end":{"line":95,"column":53}},"62":{"start":{"line":95,"column":53},"end":{"line":95,"column":71}},"63":{"start":{"line":96,"column":24},"end":{"line":96,"column":null}}},"fnMap":{"0":{"name":"(anonymous_0)","decl":{"start":{"line":6,"column":17},"end":{"line":6,"column":23}},"loc":{"start":{"line":6,"column":23},"end":{"line":161,"column":null}},"line":6},"1":{"name":"(anonymous_1)","decl":{"start":{"line":25,"column":33},"end":{"line":25,"column":39}},"loc":{"start":{"line":25,"column":39},"end":{"line":28,"column":5}},"line":25},"2":{"name":"(anonymous_2)","decl":{"start":{"line":27,"column":35},"end":{"line":27,"column":41}},"loc":{"start":{"line":27,"column":41},"end":{"line":27,"column":58}},"line":27},"3":{"name":"(anonymous_3)","decl":{"start":{"line":30,"column":37},"end":{"line":30,"column":43}},"loc":{"start":{"line":30,"column":43},"end":{"line":33,"column":5}},"line":30},"4":{"name":"(anonymous_4)","decl":{"start":{"line":35,"column":12},"end":{"line":35,"column":18}},"loc":{"start":{"line":35,"column":18},"end":{"line":50,"column":5}},"line":35},"5":{"name":"(anonymous_5)","decl":{"start":{"line":43,"column":11},"end":{"line":43,"column":17}},"loc":{"start":{"line":43,"column":17},"end":{"line":49,"column":null}},"line":43},"6":{"name":"(anonymous_6)","decl":{"start":{"line":53,"column":12},"end":{"line":53,"column":18}},"loc":{"start":{"line":53,"column":18},"end":{"line":64,"column":5}},"line":53},"7":{"name":"(anonymous_7)","decl":{"start":{"line":54,"column":43},"end":{"line":54,"column":44}},"loc":{"start":{"line":54,"column":55},"end":{"line":62,"column":5}},"line":54},"8":{"name":"(anonymous_8)","decl":{"start":{"line":63,"column":11},"end":{"line":63,"column":17}},"loc":{"start":{"line":63,"column":17},"end":{"line":63,"column":null}},"line":63},"9":{"name":"(anonymous_9)","decl":{"start":{"line":67,"column":20},"end":{"line":67,"column":21}},"loc":{"start":{"line":67,"column":37},"end":{"line":74,"column":3}},"line":67},"10":{"name":"(anonymous_10)","decl":{"start":{"line":76,"column":12},"end":{"line":76,"column":18}},"loc":{"start":{"line":76,"column":18},"end":{"line":88,"column":5}},"line":76},"11":{"name":"(anonymous_11)","decl":{"start":{"line":77,"column":28},"end":{"line":77,"column":29}},"loc":{"start":{"line":77,"column":35},"end":{"line":84,"column":null}},"line":77},"12":{"name":"(anonymous_12)","decl":{"start":{"line":87,"column":11},"end":{"line":87,"column":17}},"loc":{"start":{"line":87,"column":17},"end":{"line":87,"column":null}},"line":87},"13":{"name":"(anonymous_13)","decl":{"start":{"line":92,"column":19},"end":{"line":92,"column":25}},"loc":{"start":{"line":92,"column":25},"end":{"line":92,"column":null}},"line":92},"14":{"name":"(anonymous_14)","decl":{"start":{"line":93,"column":17},"end":{"line":93,"column":23}},"loc":{"start":{"line":93,"column":23},"end":{"line":93,"column":null}},"line":93},"15":{"name":"(anonymous_15)","decl":{"start":{"line":94,"column":20},"end":{"line":94,"column":26}},"loc":{"start":{"line":94,"column":26},"end":{"line":94,"column":null}},"line":94},"16":{"name":"(anonymous_16)","decl":{"start":{"line":95,"column":20},"end":{"line":95,"column":26}},"loc":{"start":{"line":95,"column":26},"end":{"line":95,"column":null}},"line":95},"17":{"name":"(anonymous_17)","decl":{"start":{"line":96,"column":18},"end":{"line":96,"column":24}},"loc":{"start":{"line":96,"column":24},"end":{"line":96,"column":null}},"line":96}},"branchMap":{"0":{"loc":{"start":{"line":26,"column":4},"end":{"line":26,"column":null}},"type":"if","locations":[{"start":{"line":26,"column":4},"end":{"line":26,"column":null}},{"start":{},"end":{}}],"line":26},"1":{"loc":{"start":{"line":48,"column":6},"end":{"line":48,"column":null}},"type":"if","locations":[{"start":{"line":48,"column":6},"end":{"line":48,"column":null}},{"start":{},"end":{}}],"line":48},"2":{"loc":{"start":{"line":55,"column":6},"end":{"line":61,"column":null}},"type":"if","locations":[{"start":{"line":55,"column":6},"end":{"line":61,"column":null}},{"start":{"line":57,"column":6},"end":{"line":61,"column":null}}],"line":55},"3":{"loc":{"start":{"line":55,"column":10},"end":{"line":55,"column":38}},"type":"binary-expr","locations":[{"start":{"line":55,"column":10},"end":{"line":55,"column":25}},{"start":{"line":55,"column":25},"end":{"line":55,"column":38}}],"line":55},"4":{"loc":{"start":{"line":57,"column":6},"end":{"line":61,"column":null}},"type":"if","locations":[{"start":{"line":57,"column":6},"end":{"line":61,"column":null}},{"start":{"line":59,"column":13},"end":{"line":61,"column":null}}],"line":57},"5":{"loc":{"start":{"line":68,"column":4},"end":{"line":73,"column":null}},"type":"if","locations":[{"start":{"line":68,"column":4},"end":{"line":73,"column":null}},{"start":{},"end":{}}],"line":68},"6":{"loc":{"start":{"line":70,"column":6},"end":{"line":72,"column":null}},"type":"if","locations":[{"start":{"line":70,"column":6},"end":{"line":72,"column":null}},{"start":{},"end":{}}],"line":70},"7":{"loc":{"start":{"line":101,"column":16},"end":{"line":101,"column":null}},"type":"cond-expr","locations":[{"start":{"line":101,"column":25},"end":{"line":101,"column":34}},{"start":{"line":101,"column":34},"end":{"line":101,"column":null}}],"line":101},"8":{"loc":{"start":{"line":134,"column":9},"end":{"line":156,"column":null}},"type":"binary-expr","locations":[{"start":{"line":134,"column":9},"end":{"line":134,"column":23}},{"start":{"line":134,"column":23},"end":{"line":134,"column":null}},{"start":{"line":135,"column":10},"end":{"line":156,"column":null}}],"line":134}},"s":{"0":1,"1":13,"2":13,"3":13,"4":13,"5":13,"6":13,"7":13,"8":13,"9":13,"10":13,"11":13,"12":13,"13":5,"14":13,"15":1,"16":13,"17":5,"18":5,"19":13,"20":8,"21":8,"22":8,"23":8,"24":8,"25":8,"26":8,"27":8,"28":8,"29":8,"30":8,"31":8,"32":13,"33":12,"34":4,"35":1,"36":3,"37":1,"38":2,"39":12,"40":12,"41":13,"42":5,"43":4,"44":4,"45":3,"46":13,"47":12,"48":1,"49":1,"50":1,"51":1,"52":1,"53":12,"54":12,"55":12,"56":13,"57":2,"58":2,"59":0,"60":0,"61":0,"62":0,"63":0},"f":{"0":13,"1":13,"2":1,"3":5,"4":8,"5":8,"6":12,"7":4,"8":12,"9":5,"10":12,"11":1,"12":12,"13":2,"14":0,"15":0,"16":0,"17":0},"b":{"0":[5,8],"1":[8,0],"2":[1,3],"3":[4,2],"4":[1,2],"5":[4,1],"6":[3,1],"7":[1,12],"8":[13,3,3]},"meta":{"lastBranch":9,"lastFunction":18,"lastStatement":64,"seen":{"s:6:17:161:Infinity":0,"f:6:17:6:23":0,"s:7:8:7:Infinity":1,"s:8:8:8:Infinity":2,"s:9:34:9:Infinity":3,"s:10:26:10:Infinity":4,"s:11:8:11:Infinity":5,"s:14:8:14:Infinity":6,"s:15:8:15:Infinity":7,"s:18:8:18:Infinity":8,"s:19:8:19:Infinity":9,"s:22:8:22:Infinity":10,"s:25:8:28:Infinity":11,"f:25:33:25:39":1,"b:26:4:26:Infinity:undefined:undefined:undefined:undefined":0,"s:26:4:26:Infinity":12,"s:26:27:26:Infinity":13,"s:27:4:27:Infinity":14,"f:27:35:27:41":2,"s:27:41:27:58":15,"s:30:8:33:Infinity":16,"f:30:37:30:43":3,"s:31:4:31:Infinity":17,"s:32:4:32:Infinity":18,"s:35:2:50:Infinity":19,"f:35:12:35:18":4,"s:36:4:36:Infinity":20,"s:37:4:37:Infinity":21,"s:38:4:38:Infinity":22,"s:39:4:39:Infinity":23,"s:41:4:41:Infinity":24,"s:43:4:49:Infinity":25,"f:43:11:43:17":5,"s:44:6:44:Infinity":26,"s:45:6:45:Infinity":27,"s:46:6:46:Infinity":28,"s:47:6:47:Infinity":29,"b:48:6:48:Infinity:undefined:undefined:undefined:undefined":1,"s:48:6:48:Infinity":30,"s:48:29:48:Infinity":31,"s:53:2:64:Infinity":32,"f:53:12:53:18":6,"s:54:24:62:Infinity":33,"f:54:43:54:44":7,"b:55:6:61:Infinity:57:6:61:Infinity":2,"s:55:6:61:Infinity":34,"b:55:10:55:25:55:25:55:38":3,"s:56:8:56:Infinity":35,"b:57:6:61:Infinity:59:13:61:Infinity":4,"s:57:6:61:Infinity":36,"s:58:8:58:Infinity":37,"s:60:8:60:Infinity":38,"s:63:4:63:Infinity":39,"f:63:11:63:17":8,"s:63:17:63:Infinity":40,"s:67:2:74:Infinity":41,"f:67:20:67:21":9,"b:68:4:73:Infinity:undefined:undefined:undefined:undefined":5,"s:68:4:73:Infinity":42,"s:69:22:69:Infinity":43,"b:70:6:72:Infinity:undefined:undefined:undefined:undefined":6,"s:70:6:72:Infinity":44,"s:71:8:71:Infinity":45,"s:76:2:88:Infinity":46,"f:76:12:76:18":10,"s:77:28:84:Infinity":47,"f:77:28:77:29":11,"s:78:35:78:Infinity":48,"s:80:12:80:Infinity":49,"s:81:12:81:Infinity":50,"s:82:6:82:Infinity":51,"s:83:6:83:Infinity":52,"s:86:4:86:Infinity":53,"s:87:4:87:Infinity":54,"f:87:11:87:17":12,"s:87:17:87:Infinity":55,"s:90:2:159:Infinity":56,"f:92:19:92:25":13,"s:92:27:92:52":57,"s:92:52:92:70":58,"f:93:17:93:23":14,"s:93:23:93:Infinity":59,"f:94:20:94:26":15,"s:94:26:94:Infinity":60,"f:95:20:95:26":16,"s:95:28:95:53":61,"s:95:53:95:71":62,"f:96:18:96:24":17,"s:96:24:96:Infinity":63,"b:101:25:101:34:101:34:101:Infinity":7,"b:134:9:134:23:134:23:134:Infinity:135:10:156:Infinity":8}}}
}
